[STEP] [2021-11-27 17:32:43] Идёт поиск исполняемого файла PHP CLI.
[WARN] [2021-11-27 17:32:43] В вашем файле php.in отключен  PHP CLI, процесс может быть нестабильным.
[WARN] [2021-11-27 17:32:43] По неизвестной причине файл PHP CLI выполнить не возможно.
[STEP] [2021-11-27 17:32:43] Инициализация создания резервной копии...
[INFO] [2021-11-27 17:32:43] Версия Backup & Migration: 1.1.6
[INFO] [2021-11-27 17:32:43] Выберите файлы для резервного копирования: https://gumaink.site/projects/moon-nft
[INFO] [2021-11-27 17:32:43] Версия РНР: 7.3.27
[INFO] [2021-11-27 17:32:43] Версия WP: 5.8.2
[INFO] [2021-11-27 17:32:43] Веб-сервер: Apache
[INFO] [2021-11-27 17:32:43] Максимальное время выполнения (в секундах): 259200
[INFO] [2021-11-27 17:32:43] Максимальное количество строк в запросе (для данного сайта): 500
[INFO] [2021-11-27 17:32:43] Проверка возможности записи резервных копий в каталог ...
[INFO] [2021-11-27 17:32:43] Инициализация пользовательской программы обработки ошибок
[SUCCESS] [2021-11-27 17:32:43] Да, это доступно для записи...
[STEP] [2021-11-27 17:32:43] Сканирование файлов...
[STEP] [2021-11-27 17:32:43] Проверка свободного места, резервирование...
[INFO] [2021-11-27 17:32:43] Требуется не менее 164207332 байт. [156.6 MB]
[INFO] [2021-11-27 17:32:43] Функция свободного места на диске не отключена - с помощью ...
[INFO] [2021-11-27 17:32:43] Проверка этого пути/раздела: /var/www/guma/data/www/gumaink.site/projects/moon-nft/wp-content/backup-migration-jEwB4nKuQ5/backups
[SUCCESS] [2021-11-27 17:32:43] Имеется 207,446.34 свободных Мб. [202.58 GB]
[SUCCESS] [2021-11-27 17:32:43] Здорово! У нас достаточно места.
[SUCCESS] [2021-11-27 17:32:43] Подтверждено, места более, чем достаточно, проверено: 164207332 байт
[INFO] [2021-11-27 17:32:43] Сканирование выполнено - найдено 1136 файлов...
[SUCCESS] [2021-11-27 17:32:43] Инициализировано создание резервной копии...
[STEP] [2021-11-27 17:32:43] Инициализация системы архивирования...
[SUCCESS] [2021-11-27 17:32:43] Инициализация системы архивирования...
[STEP] [2021-11-27 17:32:43] Подготовка карты файлов...
[SUCCESS] [2021-11-27 17:32:43] Файлы подготовлены.
[INFO] [2021-11-27 17:32:43] Запуск процесса сжатия...
[STEP] [2021-11-27 17:32:43] Умный расчет памяти...
[INFO] [2021-11-27 17:32:43] Доступно 512 МБ памяти
[INFO] [2021-11-27 17:32:43] Лимит памяти WordPress: 512 МБ
[SUCCESS] [2021-11-27 17:32:43] Установка безопасного лимита на 115 МБ
[STEP] [2021-11-27 17:32:43] Создание резервной копии базы данных (с использованием механизма V2, для восстановления требуется как минимум версия 1.1.0)
[INFO] [2021-11-27 17:32:43] Итерация базы данных...
[INFO] [2021-11-27 17:32:43] Memory usage after initialization: 42.13 MB
[INFO] [2021-11-27 17:32:43] Scan found 12 tables (6168 rows), estimated total size: 3.73 MB.
[INFO] [2021-11-27 17:32:43] Memory usage after getting table names: 42.13 MB 
[INFO] [2021-11-27 17:32:43] Getting table recipes...
[INFO] [2021-11-27 17:32:43] Table recipes have been exported.
[INFO] [2021-11-27 17:32:43] Memory usage after loading recipes: 42.15 MB 
[INFO] [2021-11-27 17:32:43] Saving recipes...
[INFO] [2021-11-27 17:32:43] Recipes saved.
[INFO] [2021-11-27 17:32:43] Memory usage after recipe off-load: 42.14 MB
[INFO] [2021-11-27 17:32:43] Exporting table data...
[INFO] [2021-11-27 17:32:43] Getting data of table: wp_commentmeta (0.05 MB)
[INFO] [2021-11-27 17:32:43] Table: wp_commentmeta cloned, operation took: 0.00022 ms
[INFO] [2021-11-27 17:32:43] Getting data of table: wp_comments (0.09 MB)
[INFO] [2021-11-27 17:32:43] Table: wp_comments cloned, operation took: 0.00060 ms
[INFO] [2021-11-27 17:32:43] Getting data of table: wp_links (0.03 MB)
[INFO] [2021-11-27 17:32:43] Table: wp_links cloned, operation took: 0.00019 ms
[INFO] [2021-11-27 17:32:43] Getting data of table: wp_options (1.06 MB)
[INFO] [2021-11-27 17:32:43] Table: wp_options cloned, operation took: 0.02105 ms
[INFO] [2021-11-27 17:32:43] Getting data of table: wp_postmeta (2.02 MB)
[INFO] [2021-11-27 17:32:44] Table: wp_postmeta cloned, operation took: 0.30884 ms
[INFO] [2021-11-27 17:32:44] Getting data of table: wp_posts (0.19 MB)
[INFO] [2021-11-27 17:32:44] Table: wp_posts cloned, operation took: 0.04630 ms
[INFO] [2021-11-27 17:32:44] Getting data of table: wp_term_relationships (0.03 MB)
[INFO] [2021-11-27 17:32:44] Table: wp_term_relationships cloned, operation took: 0.00057 ms
[INFO] [2021-11-27 17:32:44] Getting data of table: wp_term_taxonomy (0.05 MB)
[INFO] [2021-11-27 17:32:44] Table: wp_term_taxonomy cloned, operation took: 0.00046 ms
[INFO] [2021-11-27 17:32:44] Getting data of table: wp_termmeta (0.05 MB)
[INFO] [2021-11-27 17:32:44] Table: wp_termmeta cloned, operation took: 0.00020 ms
[INFO] [2021-11-27 17:32:44] Getting data of table: wp_terms (0.05 MB)
[INFO] [2021-11-27 17:32:44] Table: wp_terms cloned, operation took: 0.00047 ms
[INFO] [2021-11-27 17:32:44] Getting data of table: wp_usermeta (0.05 MB)
[INFO] [2021-11-27 17:32:44] Table: wp_usermeta cloned, operation took: 0.00112 ms
[INFO] [2021-11-27 17:32:44] Getting data of table: wp_users (0.06 MB)
[INFO] [2021-11-27 17:32:44] Table: wp_users cloned, operation took: 0.00053 ms
[INFO] [2021-11-27 17:32:44] Table data exported.
[INFO] [2021-11-27 17:32:44] Memory usage after data export: 42.12 MB
[INFO] [2021-11-27 17:32:44] Entire process took: 0.3954 s
[SUCCESS] [2021-11-27 17:32:44] Резервное копирование базы данных завершено
[STEP] [2021-11-27 17:32:44] Создание архива
[INFO] [2021-11-27 17:32:44] Сжатие...
[INFO] [2021-11-27 17:32:44] Использование PclZip модуля для создания резервной копии
[INFO] [2021-11-27 17:32:44] Прежние настройки: использование модулей по умолчанию в зависимости от сервера пользователя
[WARN] [2021-11-27 17:32:44] Резервное копирование будет выполняться как отдельный запрос, процесс может быть нестабильным...
[INFO] [2021-11-27 17:32:44] Содержание области памяти 250 файлы.
[INFO] [2021-11-27 17:32:45] Этап: 500/1136
[INFO] [2021-11-27 17:32:50] Этап: 1000/1136
[INFO] [2021-11-27 17:32:51] Этап: 1136/1136
[SUCCESS] [2021-11-27 17:32:51] Сжатый 1136 файлов
[INFO] [2021-11-27 17:32:51] Архивация 1136 файлов заняла: 7.52s
[STEP] [2021-11-27 17:32:51] Завершение резервного копирования
[INFO] [2021-11-27 17:32:51] Добавление манифеста...
[STEP] [2021-11-27 17:32:51] Закрытие файлов и архивов
[END-CODE] [2021-11-27 17:32:51] #001
